0 info it worked if it ends with ok
1 verbose cli [ '/usr/local/bin/node',
1 verbose cli   '/usr/local/bin/npm',
1 verbose cli   'run',
1 verbose cli   'build:app' ]
2 info using npm@2.14.2
3 info using node@v4.0.0
4 verbose run-script [ 'prebuild:app', 'build:app', 'postbuild:app' ]
5 info prebuild:app cosmowiki@1.0.0
6 info build:app cosmowiki@1.0.0
7 verbose unsafe-perm in lifecycle true
8 info cosmowiki@1.0.0 Failed to exec build:app script
9 verbose stack Error: cosmowiki@1.0.0 build:app: `browserify src/index.js --outfile=dist/index.min.js --transform=babelify; babel-node src/index.js --makes-static-sites --for-offline=$npm_package_config_build_for_offline`
9 verbose stack Exit status 1
9 verbose stack     at EventEmitter.<anonymous> (/usr/local/lib/node_modules/npm/lib/utils/lifecycle.js:214:16)
9 verbose stack     at emitTwo (events.js:87:13)
9 verbose stack     at EventEmitter.emit (events.js:172:7)
9 verbose stack     at ChildProcess.<anonymous> (/usr/local/lib/node_modules/npm/lib/utils/spawn.js:24:14)
9 verbose stack     at emitTwo (events.js:87:13)
9 verbose stack     at ChildProcess.emit (events.js:172:7)
9 verbose stack     at maybeClose (internal/child_process.js:817:16)
9 verbose stack     at Process.ChildProcess._handle.onexit (internal/child_process.js:211:5)
10 verbose pkgid cosmowiki@1.0.0
11 verbose cwd /Volumes/Macintosh HD/Users/holly/Sites/cosmowiki/cosmowiki
12 error Darwin 14.5.0
13 error argv "/usr/local/bin/node" "/usr/local/bin/npm" "run" "build:app"
14 error node v4.0.0
15 error npm  v2.14.2
16 error code ELIFECYCLE
17 error cosmowiki@1.0.0 build:app: `browserify src/index.js --outfile=dist/index.min.js --transform=babelify; babel-node src/index.js --makes-static-sites --for-offline=$npm_package_config_build_for_offline`
17 error Exit status 1
18 error Failed at the cosmowiki@1.0.0 build:app script 'browserify src/index.js --outfile=dist/index.min.js --transform=babelify; babel-node src/index.js --makes-static-sites --for-offline=$npm_package_config_build_for_offline'.
18 error This is most likely a problem with the cosmowiki package,
18 error not with npm itself.
18 error Tell the author that this fails on your system:
18 error     browserify src/index.js --outfile=dist/index.min.js --transform=babelify; babel-node src/index.js --makes-static-sites --for-offline=$npm_package_config_build_for_offline
18 error You can get their info via:
18 error     npm owner ls cosmowiki
18 error There is likely additional logging output above.
19 verbose exit [ 1, true ]
